Funcionalidade: Fluxo de compra no SauceDemo # features/saucedemo.feature:3
  Como um usu·rio da loja SauceDemo
  Quero realizar o fluxo completo de compra
  Para validar que o sistema funciona corretamente
  Contexto:   # features/saucedemo.feature:8

  @positivo @login
  Cen·rio: Login com credenciais v·lidas                                  # features/saucedemo.feature:12
    Dado que o usu·rio acessa o site do SauceDemo                         # features/steps/steps.py:17
    Quando o usu·rio faz login com "standard_user" e senha "secret_sauce" # features/steps/steps.py:37
    Ent„o o usu·rio deve ser redirecionado para a p·gina de produtos      # features/steps/steps.py:43
    E o tÌtulo da p·gina deve ser "Products"                              # features/steps/steps.py:50

  @negativo @login
  Esquema do Cen·rio: Login com credenciais inv·lidas -- @1.1                                                             # features/saucedemo.feature:24
    Dado que o usu·rio acessa o site do SauceDemo                                                                         # features/steps/steps.py:17
    Quando o usu·rio faz login com "usuario_invalido" e senha "secret_sauce"                                              # features/steps/steps.py:37
    Ent„o deve ser exibida a mensagem de erro "Epic sadface: Username and password do not match any user in this service" # features/steps/steps.py:61

  @negativo @login
  Esquema do Cen·rio: Login com credenciais inv·lidas -- @1.2                                                             # features/saucedemo.feature:25
    Dado que o usu·rio acessa o site do SauceDemo                                                                         # features/steps/steps.py:17
    Quando o usu·rio faz login com "standard_user" e senha "senha_errada"                                                 # features/steps/steps.py:37
    Ent„o deve ser exibida a mensagem de erro "Epic sadface: Username and password do not match any user in this service" # features/steps/steps.py:61

  @negativo @login
  Esquema do Cen·rio: Login com credenciais inv·lidas -- @1.3                                       # features/saucedemo.feature:26
    Dado que o usu·rio acessa o site do SauceDemo                                                   # features/steps/steps.py:17
    Quando o usu·rio faz login com "locked_out_user" e senha "secret_sauce"                         # features/steps/steps.py:37
    Ent„o deve ser exibida a mensagem de erro "Epic sadface: Sorry, this user has been locked out." # features/steps/steps.py:61

  @negativo @login
  Esquema do Cen·rio: Login com credenciais inv·lidas -- @1.4                      # features/saucedemo.feature:27
    Dado que o usu·rio acessa o site do SauceDemo                                  # features/steps/steps.py:17
    Quando o usu·rio faz login com "" e senha ""                                   # None
    Ent„o deve ser exibida a mensagem de erro "Epic sadface: Username is required" # None

  @positivo @carrinho
  Cen·rio: Adicionar produto ao carrinho e validar                      # features/saucedemo.feature:30
    Dado que o usu·rio acessa o site do SauceDemo                       # features/steps/steps.py:17
    Dado que o usu·rio est· logado com "standard_user" e "secret_sauce" # features/steps/steps.py:23
    Quando o usu·rio adiciona o primeiro produto ao carrinho            # features/steps/steps.py:75
    Ent„o o carrinho deve exibir "1" item                               # features/steps/steps.py:82
    Quando o usu·rio acessa o carrinho                                  # features/steps/steps.py:89
    Ent„o o produto deve estar listado no carrinho                      # features/steps/steps.py:97

  @negativo @carrinho
  Cen·rio: Verificar carrinho vazio                                     # features/saucedemo.feature:38
    Dado que o usu·rio acessa o site do SauceDemo                       # features/steps/steps.py:17
    Dado que o usu·rio est· logado com "standard_user" e "secret_sauce" # features/steps/steps.py:23
    Quando o usu·rio acessa o carrinho sem adicionar produtos           # features/steps/steps.py:107
    Ent„o o carrinho deve estar vazio                                   # features/steps/steps.py:114

  @positivo @compra
  Cen·rio: Fluxo completo de compra                                          # features/saucedemo.feature:44
    Dado que o usu·rio acessa o site do SauceDemo                            # features/steps/steps.py:17
    Dado que o usu·rio est· logado com "standard_user" e "secret_sauce"      # features/steps/steps.py:23
    E o usu·rio adiciona o primeiro produto ao carrinho                      # features/steps/steps.py:75
    E o usu·rio acessa o carrinho                                            # features/steps/steps.py:89
    Quando o usu·rio prossegue para o checkout                               # features/steps/steps.py:124
    E o usu·rio preenche os dados "Jo„o", "Silva", "60000-000"               # features/steps/steps.py:131
    E o usu·rio finaliza a compra                                            # features/steps/steps.py:143
    Ent„o deve ser exibida a mensagem de sucesso "Thank you for your order!" # features/steps/steps.py:149

  @negativo @checkout
  Cen·rio: Tentar finalizar checkout sem preencher dados obrigatÛrios                     # features/saucedemo.feature:54
    Dado que o usu·rio acessa o site do SauceDemo                                         # features/steps/steps.py:17
    Dado que o usu·rio est· logado com "standard_user" e "secret_sauce"                   # features/steps/steps.py:23
    E o usu·rio adiciona o primeiro produto ao carrinho                                   # features/steps/steps.py:75
    E o usu·rio acessa o carrinho                                                         # features/steps/steps.py:89
    Quando o usu·rio prossegue para o checkout                                            # features/steps/steps.py:124
    E o usu·rio tenta continuar sem preencher os dados                                    # features/steps/steps.py:137
    Ent„o deve ser exibida a mensagem de erro no checkout "Error: First Name is required" # features/steps/steps.py:158

